This is pdfTeX, Version 3.14159265-2.6-1.40.19 (MiKTeX 2.9.6840 64-bit) (preloaded format=pdflatex 2018.11.13)  20 NOV 2018 09:22
entering extended mode
**./model-doc.tex
(model-doc.tex
LaTeX2e <2018-04-01> patch level 5

("C:\Users\Lauren.Zhao\AppData\Local\Programs\MiKTeX 2.9\tex\latex\base\article
.cls"
Document Class: article 2014/09/29 v1.4h Standard LaTeX document class

("C:\Users\Lauren.Zhao\AppData\Local\Programs\MiKTeX 2.9\tex\latex\base\fleqn.c
lo"
File: fleqn.clo 2016/12/29 v1.2a Standard LaTeX option (flush left equations)
\mathindent=\dimen102
Applying: [2015/01/01] Make \[ robust on input line 50.
LaTeX Info: Redefining \[ on input line 51.
Already applied: [0000/00/00] Make \[ robust on input line 62.
Applying: [2015/01/01] Make \] robust on input line 74.
LaTeX Info: Redefining \] on input line 75.
Already applied: [0000/00/00] Make \] robust on input line 83.
)
("C:\Users\Lauren.Zhao\AppData\Local\Programs\MiKTeX 2.9\tex\latex\base\size11.
clo"
File: size11.clo 2014/09/29 v1.4h Standard LaTeX file (size option)
)
\c@part=\count80
\c@section=\count81
\c@subsection=\count82
\c@subsubsection=\count83
\c@paragraph=\count84
\c@subparagraph=\count85
\c@figure=\count86
\c@table=\count87
\abovecaptionskip=\skip41
\belowcaptionskip=\skip42
\bibindent=\dimen103
)
("C:\Users\Lauren.Zhao\AppData\Local\Programs\MiKTeX 2.9\tex\latex\graphics\gra
phicx.sty"
Package: graphicx 2017/06/01 v1.1a Enhanced LaTeX Graphics (DPC,SPQR)

("C:\Users\Lauren.Zhao\AppData\Local\Programs\MiKTeX 2.9\tex\latex\graphics\key
val.sty"
Package: keyval 2014/10/28 v1.15 key=value parser (DPC)
\KV@toks@=\toks14
)
("C:\Users\Lauren.Zhao\AppData\Local\Programs\MiKTeX 2.9\tex\latex\graphics\gra
phics.sty"
Package: graphics 2017/06/25 v1.2c Standard LaTeX Graphics (DPC,SPQR)

("C:\Users\Lauren.Zhao\AppData\Local\Programs\MiKTeX 2.9\tex\latex\graphics\tri
g.sty"
Package: trig 2016/01/03 v1.10 sin cos tan (DPC)
)
("C:\Users\Lauren.Zhao\AppData\Local\Programs\MiKTeX 2.9\tex\latex\graphics-cfg
\graphics.cfg"
File: graphics.cfg 2016/06/04 v1.11 sample graphics configuration
)
Package graphics Info: Driver file: pdftex.def on input line 99.

("C:\Users\Lauren.Zhao\AppData\Local\Programs\MiKTeX 2.9\tex\latex\graphics-def
\pdftex.def"
File: pdftex.def 2018/01/08 v1.0l Graphics/color driver for pdftex
))
\Gin@req@height=\dimen104
\Gin@req@width=\dimen105
)
("C:\Users\Lauren.Zhao\AppData\Local\Programs\MiKTeX 2.9\tex\latex\graphics\col
or.sty"
Package: color 2016/07/10 v1.1e Standard LaTeX Color (DPC)

("C:\Users\Lauren.Zhao\AppData\Local\Programs\MiKTeX 2.9\tex\latex\graphics-cfg
\color.cfg"
File: color.cfg 2016/01/02 v1.6 sample color configuration
)
Package color Info: Driver file: pdftex.def on input line 147.
)
("C:\Users\Lauren.Zhao\AppData\Local\Programs\MiKTeX 2.9\tex\latex\framed\frame
d.sty"
Package: framed 2011/10/22 v 0.96: framed or shaded text with page breaks
\OuterFrameSep=\skip43
\fb@frw=\dimen106
\fb@frh=\dimen107
\FrameRule=\dimen108
\FrameSep=\dimen109
)
("C:\Users\Lauren.Zhao\AppData\Local\Programs\MiKTeX 2.9\tex\latex\base\alltt.s
ty"
Package: alltt 1997/06/16 v2.0g defines alltt environment
)
("C:\Users\Lauren.Zhao\AppData\Local\Programs\MiKTeX 2.9\tex\latex\base\fontenc
.sty"
Package: fontenc 2017/04/05 v2.0i Standard LaTeX package

("C:\Users\Lauren.Zhao\AppData\Local\Programs\MiKTeX 2.9\tex\latex\base\t1enc.d
ef"
File: t1enc.def 2017/04/05 v2.0i Standard LaTeX file
LaTeX Font Info:    Redeclaring font encoding T1 on input line 48.
))
("C:\Users\Lauren.Zhao\AppData\Local\Programs\MiKTeX 2.9\tex\latex\geometry\geo
metry.sty"
Package: geometry 2018/04/16 v5.8 Page Geometry

("C:\Users\Lauren.Zhao\AppData\Local\Programs\MiKTeX 2.9\tex\generic\oberdiek\i
fpdf.sty"
Package: ifpdf 2018/09/07 v3.3 Provides the ifpdf switch
)
("C:\Users\Lauren.Zhao\AppData\Local\Programs\MiKTeX 2.9\tex\generic\oberdiek\i
fvtex.sty"
Package: ifvtex 2016/05/16 v1.6 Detect VTeX and its facilities (HO)
Package ifvtex Info: VTeX not detected.
)
("C:\Users\Lauren.Zhao\AppData\Local\Programs\MiKTeX 2.9\tex\generic\ifxetex\if
xetex.sty"
Package: ifxetex 2010/09/12 v0.6 Provides ifxetex conditional
)
\Gm@cnth=\count88
\Gm@cntv=\count89
\c@Gm@tempcnt=\count90
\Gm@bindingoffset=\dimen110
\Gm@wd@mp=\dimen111
\Gm@odd@mp=\dimen112
\Gm@even@mp=\dimen113
\Gm@layoutwidth=\dimen114
\Gm@layoutheight=\dimen115
\Gm@layouthoffset=\dimen116
\Gm@layoutvoffset=\dimen117
\Gm@dimlist=\toks15

("C:\Users\Lauren.Zhao\AppData\Local\Programs\MiKTeX 2.9\tex\latex\geometry\geo
metry.cfg"))
("C:\Users\Lauren.Zhao\AppData\Local\Programs\MiKTeX 2.9\tex\latex\amsfonts\ams
symb.sty"
Package: amssymb 2013/01/14 v3.01 AMS font symbols

("C:\Users\Lauren.Zhao\AppData\Local\Programs\MiKTeX 2.9\tex\latex\amsfonts\ams
fonts.sty"
Package: amsfonts 2013/01/14 v3.01 Basic AMSFonts support
\@emptytoks=\toks16
\symAMSa=\mathgroup4
\symAMSb=\mathgroup5
LaTeX Font Info:    Overwriting math alphabet `\mathfrak' in version `bold'
(Font)                  U/euf/m/n --> U/euf/b/n on input line 106.
))
("C:\Users\Lauren.Zhao\AppData\Local\Programs\MiKTeX 2.9\tex\latex\amsmath\amsm
ath.sty"
Package: amsmath 2017/09/02 v2.17a AMS math features
\@mathmargin=\skip44

For additional information on amsmath, use the `?' option.

("C:\Users\Lauren.Zhao\AppData\Local\Programs\MiKTeX 2.9\tex\latex\amsmath\amst
ext.sty"
Package: amstext 2000/06/29 v2.01 AMS text

("C:\Users\Lauren.Zhao\AppData\Local\Programs\MiKTeX 2.9\tex\latex\amsmath\amsg
en.sty"
File: amsgen.sty 1999/11/30 v2.0 generic functions
\@emptytoks=\toks17
\ex@=\dimen118
))
("C:\Users\Lauren.Zhao\AppData\Local\Programs\MiKTeX 2.9\tex\latex\amsmath\amsb
sy.sty"
Package: amsbsy 1999/11/29 v1.2d Bold Symbols
\pmbraise@=\dimen119
)
("C:\Users\Lauren.Zhao\AppData\Local\Programs\MiKTeX 2.9\tex\latex\amsmath\amso
pn.sty"
Package: amsopn 2016/03/08 v2.02 operator names
)
\inf@bad=\count91
LaTeX Info: Redefining \frac on input line 213.
\uproot@=\count92
\leftroot@=\count93
LaTeX Info: Redefining \overline on input line 375.
\classnum@=\count94
\DOTSCASE@=\count95
LaTeX Info: Redefining \ldots on input line 472.
LaTeX Info: Redefining \dots on input line 475.
LaTeX Info: Redefining \cdots on input line 596.
\Mathstrutbox@=\box26
\strutbox@=\box27
\big@size=\dimen120
LaTeX Font Info:    Redeclaring font encoding OML on input line 712.
LaTeX Font Info:    Redeclaring font encoding OMS on input line 713.
\macc@depth=\count96
\c@MaxMatrixCols=\count97
\dotsspace@=\muskip10
\c@parentequation=\count98
\dspbrk@lvl=\count99
\tag@help=\toks18
\row@=\count100
\column@=\count101
\maxfields@=\count102
\andhelp@=\toks19
\eqnshift@=\dimen121
\alignsep@=\dimen122
\tagshift@=\dimen123
\tagwidth@=\dimen124
\totwidth@=\dimen125
\lineht@=\dimen126
\@envbody=\toks20
\multlinegap=\skip45
\multlinetaggap=\skip46
\mathdisplay@stack=\toks21
LaTeX Info: Redefining \[ on input line 2817.
LaTeX Info: Redefining \] on input line 2818.
)
("C:\Users\Lauren.Zhao\AppData\Local\Programs\MiKTeX 2.9\tex\latex\tools\bm.sty
"
Package: bm 2017/01/16 v1.2c Bold Symbol Support (DPC/FMi)
\symboldoperators=\mathgroup6
\symboldletters=\mathgroup7
\symboldsymbols=\mathgroup8
LaTeX Font Info:    Redeclaring math alphabet \mathbf on input line 141.
LaTeX Info: Redefining \bm on input line 207.
)
("C:\Users\Lauren.Zhao\AppData\Local\Programs\MiKTeX 2.9\tex\latex\tools\verbat
im.sty"
Package: verbatim 2014/10/28 v1.5q LaTeX2e package for verbatim enhancements
\every@verbatim=\toks22
\verbatim@line=\toks23
\verbatim@in@stream=\read1
)
("C:\Users\Lauren.Zhao\AppData\Local\Programs\MiKTeX 2.9\tex\latex\base\inputen
c.sty"
Package: inputenc 2018/04/06 v1.3b Input encoding file
\inpenc@prehook=\toks24
\inpenc@posthook=\toks25

("C:\Users\Lauren.Zhao\AppData\Local\Programs\MiKTeX 2.9\tex\latex\base\latin1.
def"
File: latin1.def 2018/04/06 v1.3b Input encoding file
))
("C:\Users\Lauren.Zhao\AppData\Local\Programs\MiKTeX 2.9\tex\latex\setspace\set
space.sty"
Package: setspace 2011/12/19 v6.7a set line spacing
)
("C:\Users\Lauren.Zhao\AppData\Local\Programs\MiKTeX 2.9\tex\latex\natbib\natbi
b.sty"
Package: natbib 2010/09/13 8.31b (PWD, AO)
\bibhang=\skip47
\bibsep=\skip48
LaTeX Info: Redefining \cite on input line 694.
\c@NAT@ctr=\count103
)
("C:\Users\Lauren.Zhao\AppData\Local\Programs\MiKTeX 2.9\tex\latex\enumitem\enu
mitem.sty"
Package: enumitem 2011/09/28 v3.5.2 Customized lists
\labelindent=\skip49
\enit@outerparindent=\dimen127
\enit@toks=\toks26
\enit@inbox=\box28
\enitdp@description=\count104
)
("C:\Users\Lauren.Zhao\AppData\Local\Programs\MiKTeX 2.9\tex\latex\url\url.sty"
\Urlmuskip=\muskip11
Package: url 2013/09/16  ver 3.4  Verb mode for urls, etc.
)
("C:\Users\Lauren.Zhao\AppData\Local\Programs\MiKTeX 2.9\tex\latex\caption\capt
ion.sty"
Package: caption 2018/10/06 v3.3-154 Customizing captions (AR)

("C:\Users\Lauren.Zhao\AppData\Local\Programs\MiKTeX 2.9\tex\latex\caption\capt
ion3.sty"
Package: caption3 2018/09/12 v1.8c caption3 kernel (AR)
Package caption3 Info: TeX engine: e-TeX on input line 64.
\captionmargin=\dimen128
\captionmargin@=\dimen129
\captionwidth=\dimen130
\caption@tempdima=\dimen131
\caption@indent=\dimen132
\caption@parindent=\dimen133
\caption@hangindent=\dimen134
)
\c@caption@flags=\count105
\c@ContinuedFloat=\count106
)
("C:\Users\Lauren.Zhao\AppData\Local\Programs\MiKTeX 2.9\tex\latex\base\latexsy
m.sty"
Package: latexsym 1998/08/17 v2.2e Standard LaTeX package (lasy symbols)
\symlasy=\mathgroup9
LaTeX Font Info:    Overwriting symbol font `lasy' in version `bold'
(Font)                  U/lasy/m/n --> U/lasy/b/n on input line 52.
)
("C:\Users\Lauren.Zhao\AppData\Local\Programs\MiKTeX 2.9\tex\latex\marvosym\mar
vosym.sty"
Package: marvosym 2011/07/20 v2.2 Martin Vogel's Symbols font definitions
)
("C:\Users\Lauren.Zhao\AppData\Local\Programs\MiKTeX 2.9\tex\latex\oberdiek\pdf
lscape.sty"
Package: pdflscape 2016/05/14 v0.11 Display of landscape pages in PDF (HO)

("C:\Users\Lauren.Zhao\AppData\Local\Programs\MiKTeX 2.9\tex\latex\graphics\lsc
ape.sty"
Package: lscape 2000/10/22 v3.01 Landscape Pages (DPC)
)
Package pdflscape Info: Auto-detected driver: pdftex on input line 81.
)
("C:\Users\Lauren.Zhao\AppData\Local\Programs\MiKTeX 2.9\tex\latex\algorithms\a
lgorithm.sty"
Package: algorithm 2009/08/24 v0.1 Document Style `algorithm' - floating enviro
nment

("C:\Users\Lauren.Zhao\AppData\Local\Programs\MiKTeX 2.9\tex\latex\float\float.
sty"
Package: float 2001/11/08 v1.3d Float enhancements (AL)
\c@float@type=\count107
\float@exts=\toks27
\float@box=\box29
\@float@everytoks=\toks28
\@floatcapt=\box30
)
("C:\Users\Lauren.Zhao\AppData\Local\Programs\MiKTeX 2.9\tex\latex\base\ifthen.
sty"
Package: ifthen 2014/09/29 v1.1c Standard LaTeX ifthen package (DPC)
)
\@float@every@algorithm=\toks29
\c@algorithm=\count108
)
("C:\Users\Lauren.Zhao\AppData\Local\Programs\MiKTeX 2.9\tex\latex\hyperref\hyp
erref.sty"
Package: hyperref 2018/09/30 v6.88a Hypertext links for LaTeX

("C:\Users\Lauren.Zhao\AppData\Local\Programs\MiKTeX 2.9\tex\generic\oberdiek\h
obsub-hyperref.sty"
Package: hobsub-hyperref 2016/05/16 v1.14 Bundle oberdiek, subset hyperref (HO)


("C:\Users\Lauren.Zhao\AppData\Local\Programs\MiKTeX 2.9\tex\generic\oberdiek\h
obsub-generic.sty"
Package: hobsub-generic 2016/05/16 v1.14 Bundle oberdiek, subset generic (HO)
Package: hobsub 2016/05/16 v1.14 Construct package bundles (HO)
Package: infwarerr 2016/05/16 v1.4 Providing info/warning/error messages (HO)
Package: ltxcmds 2016/05/16 v1.23 LaTeX kernel commands for general use (HO)
Package: ifluatex 2016/05/16 v1.4 Provides the ifluatex switch (HO)
Package ifluatex Info: LuaTeX not detected.
Package hobsub Info: Skipping package `ifvtex' (already loaded).
Package: intcalc 2016/05/16 v1.2 Expandable calculations with integers (HO)
Package hobsub Info: Skipping package `ifpdf' (already loaded).
Package: etexcmds 2016/05/16 v1.6 Avoid name clashes with e-TeX commands (HO)
Package etexcmds Info: Could not find \expanded.
(etexcmds)             That can mean that you are not using pdfTeX 1.50 or
(etexcmds)             that some package has redefined \expanded.
(etexcmds)             In the latter case, load this package earlier.
Package: kvsetkeys 2016/05/16 v1.17 Key value parser (HO)
Package: kvdefinekeys 2016/05/16 v1.4 Define keys (HO)
Package: pdftexcmds 2018/09/10 v0.29 Utility functions of pdfTeX for LuaTeX (HO
)
Package pdftexcmds Info: LuaTeX not detected.
Package pdftexcmds Info: \pdf@primitive is available.
Package pdftexcmds Info: \pdf@ifprimitive is available.
Package pdftexcmds Info: \pdfdraftmode found.
Package: pdfescape 2016/05/16 v1.14 Implements pdfTeX's escape features (HO)
Package: bigintcalc 2016/05/16 v1.4 Expandable calculations on big integers (HO
)
Package: bitset 2016/05/16 v1.2 Handle bit-vector datatype (HO)
Package: uniquecounter 2016/05/16 v1.3 Provide unlimited unique counter (HO)
)
Package hobsub Info: Skipping package `hobsub' (already loaded).
Package: letltxmacro 2016/05/16 v1.5 Let assignment for LaTeX macros (HO)
Package: hopatch 2016/05/16 v1.3 Wrapper for package hooks (HO)
Package: xcolor-patch 2016/05/16 xcolor patch
Package: atveryend 2016/05/16 v1.9 Hooks at the very end of document (HO)
Package atveryend Info: \enddocument detected (standard20110627).
Package: atbegshi 2016/06/09 v1.18 At begin shipout hook (HO)
Package: refcount 2016/05/16 v3.5 Data extraction from label references (HO)
Package: hycolor 2016/05/16 v1.8 Color options for hyperref/bookmark (HO)
)
("C:\Users\Lauren.Zhao\AppData\Local\Programs\MiKTeX 2.9\tex\latex\oberdiek\aux
hook.sty"
Package: auxhook 2016/05/16 v1.4 Hooks for auxiliary files (HO)
)
("C:\Users\Lauren.Zhao\AppData\Local\Programs\MiKTeX 2.9\tex\latex\oberdiek\kvo
ptions.sty"
Package: kvoptions 2016/05/16 v3.12 Key value format for package options (HO)
)
\@linkdim=\dimen135
\Hy@linkcounter=\count109
\Hy@pagecounter=\count110

("C:\Users\Lauren.Zhao\AppData\Local\Programs\MiKTeX 2.9\tex\latex\hyperref\pd1
enc.def"
File: pd1enc.def 2018/09/30 v6.88a Hyperref: PDFDocEncoding definition (HO)
Now handling font encoding PD1 ...
... no UTF-8 mapping file for font encoding PD1
)
\Hy@SavedSpaceFactor=\count111

("C:\Users\Lauren.Zhao\AppData\Local\Programs\MiKTeX 2.9\tex\latex\00miktex\hyp
erref.cfg"
File: hyperref.cfg 2002/06/06 v1.2 hyperref configuration of TeXLive
)
Package hyperref Info: Option `final' set `true' on input line 4409.
Package hyperref Info: Hyper figures OFF on input line 4535.
Package hyperref Info: Link nesting OFF on input line 4540.
Package hyperref Info: Hyper index ON on input line 4543.
Package hyperref Info: Plain pages OFF on input line 4550.
Package hyperref Info: Backreferencing OFF on input line 4555.
Package hyperref Info: Implicit mode ON; LaTeX internals redefined.
Package hyperref Info: Bookmarks ON on input line 4788.
\c@Hy@tempcnt=\count112
LaTeX Info: Redefining \url on input line 5141.
\XeTeXLinkMargin=\dimen136
\Fld@menulength=\count113
\Field@Width=\dimen137
\Fld@charsize=\dimen138
Package hyperref Info: Hyper figures OFF on input line 6396.
Package hyperref Info: Link nesting OFF on input line 6401.
Package hyperref Info: Hyper index ON on input line 6404.
Package hyperref Info: backreferencing OFF on input line 6411.
Package hyperref Info: Link coloring OFF on input line 6416.
Package hyperref Info: Link coloring with OCG OFF on input line 6421.
Package hyperref Info: PDF/A mode OFF on input line 6426.
LaTeX Info: Redefining \ref on input line 6466.
LaTeX Info: Redefining \pageref on input line 6470.
\Hy@abspage=\count114
\c@Item=\count115
\c@Hfootnote=\count116
)
Package hyperref Info: Driver (autodetected): hpdftex.

("C:\Users\Lauren.Zhao\AppData\Local\Programs\MiKTeX 2.9\tex\latex\hyperref\hpd
ftex.def"
File: hpdftex.def 2018/09/30 v6.88a Hyperref driver for pdfTeX
\Fld@listcount=\count117
\c@bookmark@seq@number=\count118

("C:\Users\Lauren.Zhao\AppData\Local\Programs\MiKTeX 2.9\tex\latex\oberdiek\rer
unfilecheck.sty"
Package: rerunfilecheck 2016/05/16 v1.8 Rerun checks for auxiliary files (HO)
Package uniquecounter Info: New unique counter `rerunfilecheck' on input line 2
82.
)
\Hy@SectionHShift=\skip50
)
("C:\Users\Lauren.Zhao\AppData\Local\Programs\MiKTeX 2.9\tex\latex\xcolor\xcolo
r.sty"
Package: xcolor 2016/05/11 v2.12 LaTeX color extensions (UK)

("C:\Users\Lauren.Zhao\AppData\Local\Programs\MiKTeX 2.9\tex\latex\graphics-cfg
\color.cfg"
File: color.cfg 2016/01/02 v1.6 sample color configuration
)
Package xcolor Info: Driver file: pdftex.def on input line 225.
LaTeX Info: Redefining \color on input line 709.
Package xcolor Info: Model `cmy' substituted by `cmy0' on input line 1348.
Package xcolor Info: Model `hsb' substituted by `rgb' on input line 1352.
Package xcolor Info: Model `RGB' extended on input line 1364.
Package xcolor Info: Model `HTML' substituted by `rgb' on input line 1366.
Package xcolor Info: Model `Hsb' substituted by `hsb' on input line 1367.
Package xcolor Info: Model `tHsb' substituted by `hsb' on input line 1368.
Package xcolor Info: Model `HSB' substituted by `hsb' on input line 1369.
Package xcolor Info: Model `Gray' substituted by `gray' on input line 1370.
Package xcolor Info: Model `wave' substituted by `hsb' on input line 1371.
)
Package hyperref Info: Option `colorlinks' set `true' on input line 90.

("C:\Users\Lauren.Zhao\AppData\Local\Programs\MiKTeX 2.9\tex\latex\tools\longta
ble.sty"
Package: longtable 2014/10/28 v4.11 Multi-page Table package (DPC)
\LTleft=\skip51
\LTright=\skip52
\LTpre=\skip53
\LTpost=\skip54
\LTchunksize=\count119
\LTcapwidth=\dimen139
\LT@head=\box31
\LT@firsthead=\box32
\LT@foot=\box33
\LT@lastfoot=\box34
\LT@cols=\count120
\LT@rows=\count121
\c@LT@tables=\count122
\c@LT@chunks=\count123
\LT@p@ftn=\toks30
)
("C:\Users\Lauren.Zhao\AppData\Local\Programs\MiKTeX 2.9\tex\latex\booktabs\boo
ktabs.sty"
Package: booktabs 2005/04/14 v1.61803 publication quality tables
\heavyrulewidth=\dimen140
\lightrulewidth=\dimen141
\cmidrulewidth=\dimen142
\belowrulesep=\dimen143
\belowbottomsep=\dimen144
\aboverulesep=\dimen145
\abovetopsep=\dimen146
\cmidrulesep=\dimen147
\cmidrulekern=\dimen148
\defaultaddspace=\dimen149
\@cmidla=\count124
\@cmidlb=\count125
\@aboverulesep=\dimen150
\@belowrulesep=\dimen151
\@thisruleclass=\count126
\@lastruleclass=\count127
\@thisrulewidth=\dimen152
)
("C:\Users\Lauren.Zhao\AppData\Local\Programs\MiKTeX 2.9\tex\latex\threeparttab
le\threeparttable.sty"
Package: threeparttable 2003/06/13  v 3.0
\@tempboxb=\box35
)
("C:\Users\Lauren.Zhao\AppData\Local\Programs\MiKTeX 2.9\tex\latex\threeparttab
lex\threeparttablex.sty"
Package: threeparttablex 2013/07/23 v0.3 by daleif

("C:\Users\Lauren.Zhao\AppData\Local\Programs\MiKTeX 2.9\tex\latex\environ\envi
ron.sty"
Package: environ 2014/05/04 v0.3 A new way to define environments

("C:\Users\Lauren.Zhao\AppData\Local\Programs\MiKTeX 2.9\tex\latex\trimspaces\t
rimspaces.sty"
Package: trimspaces 2009/09/17 v1.1 Trim spaces around a token list
))
\TPTL@width=\skip55
)
("C:\Users\Lauren.Zhao\AppData\Local\Programs\MiKTeX 2.9\tex\latex\tools\tabula
rx.sty"
Package: tabularx 2016/02/03 v2.11b `tabularx' package (DPC)

("C:\Users\Lauren.Zhao\AppData\Local\Programs\MiKTeX 2.9\tex\latex\tools\array.
sty"
Package: array 2018/04/30 v2.4h Tabular extension package (FMi)
\col@sep=\dimen153
\ar@mcellbox=\box36
\extrarowheight=\dimen154
\NC@list=\toks31
\extratabsurround=\skip56
\backup@length=\skip57
\ar@cellbox=\box37
)
\TX@col@width=\dimen155
\TX@old@table=\dimen156
\TX@old@col=\dimen157
\TX@target=\dimen158
\TX@delta=\dimen159
\TX@cols=\count128
\TX@ftn=\toks32
)
("C:\Users\Lauren.Zhao\AppData\Local\Programs\MiKTeX 2.9\tex\latex\tools\dcolum
n.sty"
Package: dcolumn 2014/10/28 v1.06 decimal alignment package (DPC)
)
("C:\Users\Lauren.Zhao\AppData\Local\Programs\MiKTeX 2.9\tex\latex\multirow\mul
tirow.sty"
Package: multirow 2018/08/03 v2.3 Span multiple rows of a table
\multirow@colwidth=\skip58
\multirow@cntb=\count129
\multirow@dima=\skip59
\bigstrutjot=\dimen160
)
("C:\Users\Lauren.Zhao\AppData\Local\Programs\MiKTeX 2.9\tex\latex\graphics\rot
ating.sty"
Package: rotating 2016/08/11 v2.16d rotated objects in LaTeX
\c@r@tfl@t=\count130
\rotFPtop=\skip60
\rotFPbot=\skip61
\rot@float@box=\box38
\rot@mess@toks=\toks33
)
("C:\Users\Lauren.Zhao\AppData\Local\Programs\MiKTeX 2.9\tex\latex\caption\subc
aption.sty"
Package: subcaption 2018/05/01 v1.1-162 Sub-captions (AR)
\c@subfigure=\count131
\c@subtable=\count132
)
("C:\Users\Lauren.Zhao\AppData\Local\Programs\MiKTeX 2.9\tex\latex\oberdiek\grf
file.sty"
Package: grffile 2017/06/30 v1.18 Extended file name support for graphics (HO)
Package grffile Info: Option `multidot' is set to `true'.
Package grffile Info: Option `extendedchars' is set to `false'.
Package grffile Info: Option `space' is set to `true'.
Package grffile Info: \Gin@ii of package `graphicx' fixed on input line 494.
)
("C:\Users\Lauren.Zhao\AppData\Local\Programs\MiKTeX 2.9\tex\latex\tools\afterp
age.sty"
Package: afterpage 2014/10/28 v1.08 After-Page Package (DPC)
\AP@output=\toks34
\AP@partial=\box39
\AP@footins=\box40
)
("C:\Users\Lauren.Zhao\AppData\Local\Programs\MiKTeX 2.9\tex\latex\placeins\pla
ceins.sty"
Package: placeins 2005/04/18  v 2.2
)
("C:\Users\Lauren.Zhao\AppData\Local\Programs\MiKTeX 2.9\tex\latex\adjustbox\ad
justbox.sty"
Package: adjustbox 2018/04/08 v1.1 Adjusting TeX boxes (trim, clip, ...)

("C:\Users\Lauren.Zhao\AppData\Local\Programs\MiKTeX 2.9\tex\latex\xkeyval\xkey
val.sty"
Package: xkeyval 2014/12/03 v2.7a package option processing (HA)

("C:\Users\Lauren.Zhao\AppData\Local\Programs\MiKTeX 2.9\tex\generic\xkeyval\xk
eyval.tex"
("C:\Users\Lauren.Zhao\AppData\Local\Programs\MiKTeX 2.9\tex\generic\xkeyval\xk
vutils.tex"
\XKV@toks=\toks35
\XKV@tempa@toks=\toks36
)
\XKV@depth=\count133
File: xkeyval.tex 2014/12/03 v2.7a key=value parser (HA)
))
("C:\Users\Lauren.Zhao\AppData\Local\Programs\MiKTeX 2.9\tex\latex\adjustbox\ad
jcalc.sty"
Package: adjcalc 2012/05/16 v1.1 Provides advanced setlength with multiple back
-ends (calc, etex, pgfmath)
)
("C:\Users\Lauren.Zhao\AppData\Local\Programs\MiKTeX 2.9\tex\latex\adjustbox\tr
imclip.sty"
Package: trimclip 2018/04/08 v1.1 Trim and clip general TeX material

("C:\Users\Lauren.Zhao\AppData\Local\Programs\MiKTeX 2.9\tex\latex\collectbox\c
ollectbox.sty"
Package: collectbox 2012/05/17 v0.4b Collect macro arguments as boxes
\collectedbox=\box41
)
\tc@llx=\dimen161
\tc@lly=\dimen162
\tc@urx=\dimen163
\tc@ury=\dimen164
Package trimclip Info: Using driver 'tc-pdftex.def'.

("C:\Users\Lauren.Zhao\AppData\Local\Programs\MiKTeX 2.9\tex\latex\adjustbox\tc
-pdftex.def"
File: tc-pdftex.def 2018/04/08 v2.1 Clipping driver for pdftex
))
\adjbox@Width=\dimen165
\adjbox@Height=\dimen166
\adjbox@Depth=\dimen167
\adjbox@Totalheight=\dimen168
\adjbox@pwidth=\dimen169
\adjbox@pheight=\dimen170
\adjbox@pdepth=\dimen171
\adjbox@ptotalheight=\dimen172

("C:\Users\Lauren.Zhao\AppData\Local\Programs\MiKTeX 2.9\tex\latex\ifoddpage\if
oddpage.sty"
Package: ifoddpage 2016/04/23 v1.1 Conditionals for odd/even page detection
\c@checkoddpage=\count134
)
("C:\Users\Lauren.Zhao\AppData\Local\Programs\MiKTeX 2.9\tex\latex\varwidth\var
width.sty"
Package: varwidth 2009/03/30 ver 0.92;  Variable-width minipages
\@vwid@box=\box42
\sift@deathcycles=\count135
\@vwid@loff=\dimen173
\@vwid@roff=\dimen174
))
("C:\Users\Lauren.Zhao\AppData\Local\Programs\MiKTeX 2.9\tex\latex\tools\theore
m.sty"
Package: theorem 2014/10/28 v2.2c Theorem extension package (FMi)
\theorem@style=\toks37
\theorem@bodyfont=\toks38
\theorempreskipamount=\skip62
\theorempostskipamount=\skip63

("C:\Users\Lauren.Zhao\AppData\Local\Programs\MiKTeX 2.9\tex\latex\tools\thp.st
y"
File: thp.sty 2014/10/28 v2.2c Theorem extension package (FMi)
))
\c@theorem=\count136
\c@assumption=\count137
\c@lemma=\count138
\c@proposition=\count139
\c@remark=\count140

("C:\Users\Lauren.Zhao\AppData\Local\Programs\MiKTeX 2.9\tex\latex\titlesec\tit
lesec.sty"
Package: titlesec 2016/03/21 v2.10.2 Sectioning titles
\ttl@box=\box43
\beforetitleunit=\skip64
\aftertitleunit=\skip65
\ttl@plus=\dimen175
\ttl@minus=\dimen176
\ttl@toksa=\toks39
\titlewidth=\dimen177
\titlewidthlast=\dimen178
\titlewidthfirst=\dimen179
)
("C:\Users\Lauren.Zhao\AppData\Local\Programs\MiKTeX 2.9\tex\latex\appendix\app
endix.sty"
Package: appendix 2009/09/02 v1.2b extra appendix facilities
\c@@pps=\count141
\c@@ppsavesec=\count142
\c@@ppsaveapp=\count143
)
("C:\Users\Lauren.Zhao\AppData\Local\Programs\MiKTeX 2.9\tex\latex\chngcntr\chn
gcntr.sty"
Package: chngcntr 2018/04/09 v1.1a change counter resetting
Package chngcntr Info: \counterwithout already defined.
(chngcntr)             Quitting chngcntr on input line 21.
)
("C:\Users\Lauren.Zhao\AppData\Local\Programs\MiKTeX 2.9\tex\latex\etoolbox\eto
olbox.sty"
Package: etoolbox 2018/08/19 v2.5f e-TeX tools for LaTeX (JAW)
\etb@tempcnta=\count144
)
("C:\Users\Lauren.Zhao\AppData\Local\Programs\MiKTeX 2.9\tex\latex\lipsum\lipsu
m.sty"
("C:\Users\Lauren.Zhao\AppData\Local\Programs\MiKTeX 2.9\tex\latex\l3kernel\exp
l3.sty"
Package: expl3 2018-10-31 L3 programming layer (loader) 

("C:\Users\Lauren.Zhao\AppData\Local\Programs\MiKTeX 2.9\tex\latex\l3kernel\exp
l3-code.tex"
Package: expl3 2018-10-31 L3 programming layer (code)
\c_max_int=\count145
\l_tmpa_int=\count146
\l_tmpb_int=\count147
\g_tmpa_int=\count148
\g_tmpb_int=\count149
\g__kernel_prg_map_int=\count150
\c_log_iow=\count151
\l_iow_line_count_int=\count152
\l__iow_line_target_int=\count153
\l__iow_one_indent_int=\count154
\l__iow_indent_int=\count155
\c_zero_dim=\dimen180
\c_max_dim=\dimen181
\l_tmpa_dim=\dimen182
\l_tmpb_dim=\dimen183
\g_tmpa_dim=\dimen184
\g_tmpb_dim=\dimen185
\c_zero_skip=\skip66
\c_max_skip=\skip67
\l_tmpa_skip=\skip68
\l_tmpb_skip=\skip69
\g_tmpa_skip=\skip70
\g_tmpb_skip=\skip71
\c_zero_muskip=\muskip12
\c_max_muskip=\muskip13
\l_tmpa_muskip=\muskip14
\l_tmpb_muskip=\muskip15
\g_tmpa_muskip=\muskip16
\g_tmpb_muskip=\muskip17
\l_keys_choice_int=\count156
\l__intarray_loop_int=\count157
\c__intarray_sp_dim=\dimen186
\g__intarray_font_int=\count158
\c__fp_leading_shift_int=\count159
\c__fp_middle_shift_int=\count160
\c__fp_trailing_shift_int=\count161
\c__fp_big_leading_shift_int=\count162
\c__fp_big_middle_shift_int=\count163
\c__fp_big_trailing_shift_int=\count164
\c__fp_Bigg_leading_shift_int=\count165
\c__fp_Bigg_middle_shift_int=\count166
\c__fp_Bigg_trailing_shift_int=\count167
\c__kernel_randint_max_int=\count168
\g__fp_array_int=\count169
\l__fp_array_loop_int=\count170
\l__sort_length_int=\count171
\l__sort_min_int=\count172
\l__sort_top_int=\count173
\l__sort_max_int=\count174
\l__sort_true_max_int=\count175
\l__sort_block_int=\count176
\l__sort_begin_int=\count177
\l__sort_end_int=\count178
\l__sort_A_int=\count179
\l__sort_B_int=\count180
\l__sort_C_int=\count181
\l__tl_analysis_normal_int=\count182
\l__tl_analysis_index_int=\count183
\l__tl_analysis_nesting_int=\count184
\l__tl_analysis_type_int=\count185
\l__regex_internal_a_int=\count186
\l__regex_internal_b_int=\count187
\l__regex_internal_c_int=\count188
\l__regex_balance_int=\count189
\l__regex_group_level_int=\count190
\l__regex_mode_int=\count191
\c__regex_cs_in_class_mode_int=\count192
\c__regex_cs_mode_int=\count193
\l__regex_catcodes_int=\count194
\l__regex_default_catcodes_int=\count195
\c__regex_catcode_D_int=\count196
\c__regex_catcode_S_int=\count197
\c__regex_catcode_L_int=\count198
\c__regex_catcode_O_int=\count199
\c__regex_catcode_A_int=\count266
\c__regex_all_catcodes_int=\count267
\l__regex_show_lines_int=\count268
\l__regex_min_state_int=\count269
\l__regex_max_state_int=\count270
\l__regex_left_state_int=\count271
\l__regex_right_state_int=\count272
\l__regex_capturing_group_int=\count273
\l__regex_min_pos_int=\count274
\l__regex_max_pos_int=\count275
\l__regex_curr_pos_int=\count276
\l__regex_start_pos_int=\count277
\l__regex_success_pos_int=\count278
\l__regex_curr_char_int=\count279
\l__regex_curr_catcode_int=\count280
\l__regex_last_char_int=\count281
\l__regex_case_changed_char_int=\count282
\l__regex_curr_state_int=\count283
\l__regex_step_int=\count284
\l__regex_min_active_int=\count285
\l__regex_max_active_int=\count286
\l__regex_replacement_csnames_int=\count287
\l__regex_match_count_int=\count288
\l__regex_min_submatch_int=\count289
\l__regex_submatch_int=\count290
\l__regex_zeroth_submatch_int=\count291
\g__regex_trace_regex_int=\count292
\c_empty_box=\box44
\l_tmpa_box=\box45
\l_tmpb_box=\box46
\g_tmpa_box=\box47
\g_tmpb_box=\box48
\l__box_top_dim=\dimen187
\l__box_bottom_dim=\dimen188
\l__box_left_dim=\dimen189
\l__box_right_dim=\dimen190
\l__box_top_new_dim=\dimen191
\l__box_bottom_new_dim=\dimen192
\l__box_left_new_dim=\dimen193
\l__box_right_new_dim=\dimen194
\l__box_internal_box=\box49
\l__coffin_internal_box=\box50
\l__coffin_internal_dim=\dimen195
\l__coffin_offset_x_dim=\dimen196
\l__coffin_offset_y_dim=\dimen197
\l__coffin_x_dim=\dimen198
\l__coffin_y_dim=\dimen199
\l__coffin_x_prime_dim=\dimen256
\l__coffin_y_prime_dim=\dimen257
\c_empty_coffin=\box51
\l__coffin_aligned_coffin=\box52
\l__coffin_aligned_internal_coffin=\box53
\l_tmpa_coffin=\box54
\l_tmpb_coffin=\box55
\l__coffin_display_coffin=\box56
\l__coffin_display_coord_coffin=\box57
\l__coffin_display_pole_coffin=\box58
\l__coffin_display_offset_dim=\dimen258
\l__coffin_display_x_dim=\dimen259
\l__coffin_display_y_dim=\dimen260
\g__file_internal_ior=\read2
\l__coffin_bounding_shift_dim=\dimen261
\l__coffin_left_corner_dim=\dimen262
\l__coffin_right_corner_dim=\dimen263
\l__coffin_bottom_corner_dim=\dimen264
\l__coffin_top_corner_dim=\dimen265
\l__coffin_scaled_total_height_dim=\dimen266
\l__coffin_scaled_width_dim=\dimen267
\l__seq_internal_a_int=\count293
\l__seq_internal_b_int=\count294
)
("C:\Users\Lauren.Zhao\AppData\Local\Programs\MiKTeX 2.9\tex\latex\l3kernel\l3p
dfmode.def"
File: l3pdfmode.def 2018-10-31 v L3 Experimental driver: PDF mode
\l__driver_color_stack_int=\count295
))
("C:\Users\Lauren.Zhao\AppData\Local\Programs\MiKTeX 2.9\tex\latex\l3packages\x
parse\xparse.sty"
Package: xparse 2018-10-17 L3 Experimental document command parser
\l__xparse_current_arg_int=\count296
\g__xparse_grabber_int=\count297
\l__xparse_m_args_int=\count298
\l__xparse_mandatory_args_int=\count299
\l__xparse_v_nesting_int=\count300
)
Package: lipsum 2018/11/07 v2.0 150 paragraphs of Lorem Ipsum dummy text
)
\c@subsubsubsection=\count301
 (model-doc.aux)
\openout1 = `model-doc.aux'.

LaTeX Font Info:    Checking defaults for OML/cmm/m/it on input line 219.
LaTeX Font Info:    ... okay on input line 219.
LaTeX Font Info:    Checking defaults for T1/cmr/m/n on input line 219.
LaTeX Font Info:    ... okay on input line 219.
LaTeX Font Info:    Checking defaults for OT1/cmr/m/n on input line 219.
LaTeX Font Info:    ... okay on input line 219.
LaTeX Font Info:    Checking defaults for OMS/cmsy/m/n on input line 219.
LaTeX Font Info:    ... okay on input line 219.
LaTeX Font Info:    Checking defaults for OMX/cmex/m/n on input line 219.
LaTeX Font Info:    ... okay on input line 219.
LaTeX Font Info:    Checking defaults for U/cmr/m/n on input line 219.
LaTeX Font Info:    ... okay on input line 219.
LaTeX Font Info:    Checking defaults for PD1/pdf/m/n on input line 219.
LaTeX Font Info:    ... okay on input line 219.

("C:\Users\Lauren.Zhao\AppData\Local\Programs\MiKTeX 2.9\tex\context\base\supp-
pdf.mkii"
[Loading MPS to PDF converter (version 2006.09.02).]
\scratchcounter=\count302
\scratchdimen=\dimen268
\scratchbox=\box59
\nofMPsegments=\count303
\nofMParguments=\count304
\everyMPshowfont=\toks40
\MPscratchCnt=\count305
\MPscratchDim=\dimen269
\MPnumerator=\count306
\makeMPintoPDFobject=\count307
\everyMPtoPDFconversion=\toks41
)
("C:\Users\Lauren.Zhao\AppData\Local\Programs\MiKTeX 2.9\tex\latex\oberdiek\eps
topdf-base.sty"
Package: epstopdf-base 2016/05/15 v2.6 Base part for package epstopdf

("C:\Users\Lauren.Zhao\AppData\Local\Programs\MiKTeX 2.9\tex\latex\oberdiek\grf
ext.sty"
Package: grfext 2016/05/16 v1.2 Manage graphics extensions (HO)
)
Package epstopdf-base Info: Redefining graphics rule for `.eps' on input line 4
38.
Package grfext Info: Graphics extension search list:
(grfext)             [.pdf,.png,.jpg,.mps,.jpeg,.jbig2,.jb2,.PDF,.PNG,.JPG,.JPE
G,.JBIG2,.JB2,.eps]
(grfext)             \AppendGraphicsExtensions on input line 456.
)
*geometry* driver: auto-detecting
*geometry* detected driver: pdftex
*geometry* verbose mode - [ preamble ] result:
* driver: pdftex
* paper: <default>
* layout: <same size as paper>
* layoutoffset:(h,v)=(0.0pt,0.0pt)
* modes: 
* h-part:(L,W,R)=(72.26999pt, 469.75502pt, 72.26999pt)
* v-part:(T,H,B)=(72.26999pt, 650.43001pt, 72.26999pt)
* \paperwidth=614.295pt
* \paperheight=794.96999pt
* \textwidth=469.75502pt
* \textheight=650.43001pt
* \oddsidemargin=0.0pt
* \evensidemargin=0.0pt
* \topmargin=-37.0pt
* \headheight=12.0pt
* \headsep=25.0pt
* \topskip=11.0pt
* \footskip=30.0pt
* \marginparwidth=59.0pt
* \marginparsep=10.0pt
* \columnsep=10.0pt
* \skip\footins=10.0pt plus 4.0pt minus 2.0pt
* \hoffset=0.0pt
* \voffset=0.0pt
* \mag=1000
* \@twocolumnfalse
* \@twosidefalse
* \@mparswitchfalse
* \@reversemarginfalse
* (1in=72.27pt=25.4mm, 1cm=28.453pt)

Package caption Info: Begin \AtBeginDocument code.
Package caption Info: float package is loaded.
Package caption Info: hyperref package is loaded.
Package caption Info: longtable package is loaded.

("C:\Users\Lauren.Zhao\AppData\Local\Programs\MiKTeX 2.9\tex\latex\caption\ltca
ption.sty"
Package: ltcaption 2018/08/26 v1.4-95 longtable captions (AR)
)
Package caption Info: rotating package is loaded.
Package caption Info: threeparttable package is loaded.
Package caption Info: End \AtBeginDocument code.
\AtBeginShipoutBox=\box60
Package hyperref Info: Link coloring ON on input line 219.

("C:\Users\Lauren.Zhao\AppData\Local\Programs\MiKTeX 2.9\tex\latex\hyperref\nam
eref.sty"
Package: nameref 2016/05/21 v2.44 Cross-referencing by name of section

("C:\Users\Lauren.Zhao\AppData\Local\Programs\MiKTeX 2.9\tex\generic\oberdiek\g
ettitlestring.sty"
Package: gettitlestring 2016/05/16 v1.5 Cleanup title references (HO)
)
\c@section@level=\count308
)
LaTeX Info: Redefining \ref on input line 219.
LaTeX Info: Redefining \pageref on input line 219.
LaTeX Info: Redefining \nameref on input line 219.
 (model-doc.out) (model-doc.out)
\@outlinefile=\write3
\openout3 = `model-doc.out'.

LaTeX Font Info:    Try loading font information for U+msa on input line 221.

("C:\Users\Lauren.Zhao\AppData\Local\Programs\MiKTeX 2.9\tex\latex\amsfonts\ums
a.fd"
File: umsa.fd 2013/01/14 v3.01 AMS symbols A
)
LaTeX Font Info:    Try loading font information for U+msb on input line 221.

("C:\Users\Lauren.Zhao\AppData\Local\Programs\MiKTeX 2.9\tex\latex\amsfonts\ums
b.fd"
File: umsb.fd 2013/01/14 v3.01 AMS symbols B
)
LaTeX Font Info:    Try loading font information for U+lasy on input line 221.

("C:\Users\Lauren.Zhao\AppData\Local\Programs\MiKTeX 2.9\tex\latex\base\ulasy.f
d"
File: ulasy.fd 1998/08/17 v2.2e LaTeX symbol font definitions
)
LaTeX Font Info:    Try loading font information for OMS+cmr on input line 221.


("C:\Users\Lauren.Zhao\AppData\Local\Programs\MiKTeX 2.9\tex\latex\base\omscmr.
fd"
File: omscmr.fd 2014/09/29 v2.5h Standard LaTeX font definitions
)
LaTeX Font Info:    Font shape `OMS/cmr/m/n' in size <8> not available
(Font)              Font shape `OMS/cmsy/m/n' tried instead on input line 221.
LaTeX Font Info:    Font shape `OMS/cmr/m/n' in size <6> not available
(Font)              Font shape `OMS/cmsy/m/n' tried instead on input line 221.
 (model-doc.toc [1

{C:/Users/Lauren.Zhao/AppData/Local/MiKTeX/2.9/pdftex/config/pdftex.map}])
\tf@toc=\write4
\openout4 = `model-doc.toc'.

 (model-doc.lof)
\tf@lof=\write5
\openout5 = `model-doc.lof'.

 (model-doc.lot)
\tf@lot=\write6
\openout6 = `model-doc.lot'.

 [2] [3

]
<Figure 1.PNG, id=226, 481.8pt x 360.59718pt>
File: Figure 1.PNG Graphic file (type png)
<use Figure 1.PNG>
Package pdftex.def Info: Figure 1.PNG  used on input line 248.
(pdftex.def)             Requested size: 481.79881pt x 360.5963pt.

Overfull \hbox (12.0438pt too wide) in paragraph at lines 248--249
[][] 
 []

[4 <./Figure 1.PNG>] [5] [6]
<Figure 2.png, id=242, 1570.36688pt x 359.84438pt>
File: Figure 2.png Graphic file (type png)
<use Figure 2.png>
Package pdftex.def Info: Figure 2.png  used on input line 294.
(pdftex.def)             Requested size: 471.11371pt x 107.95413pt.

Overfull \hbox (1.35869pt too wide) in paragraph at lines 294--295
[][] 
 []


Overfull \hbox (244.19366pt too wide) in paragraph at lines 303--304
[]$ \OML/cmm/m/it/10.95 P[][]$ 
 []


Overfull \hbox (18.8488pt too wide) in paragraph at lines 307--308
[]$ \OML/cmm/m/it/10.95 h[]\OT1/cmr/m/n/10.95 (\OML/cmm/m/it/10.95 u\OT1/cmr/m/
n/10.95 )[]$ 
 []


Overfull \hbox (18.8488pt too wide) in paragraph at lines 311--312
[]$ \OML/cmm/m/it/10.95 h[]\OT1/cmr/m/n/10.95 (\OML/cmm/m/it/10.95 u\OT1/cmr/m/
n/10.95 )[]$ 
 []

<Figure 3.png, id=243, 1570.36688pt x 359.84438pt>
File: Figure 3.png Graphic file (type png)
<use Figure 3.png>
Package pdftex.def Info: Figure 3.png  used on input line 319.
(pdftex.def)             Requested size: 471.11371pt x 107.95413pt.

Overfull \hbox (1.35869pt too wide) in paragraph at lines 319--320
[][] 
 []

[7 <./Figure 2.png>]
Overfull \hbox (276.46284pt too wide) in paragraph at lines 323--324
[]$ \OML/cmm/m/it/10.95 P[][]$ 
 []


Overfull \hbox (18.8488pt too wide) in paragraph at lines 327--328
[]$ \OML/cmm/m/it/10.95 h[]\OT1/cmr/m/n/10.95 (\OML/cmm/m/it/10.95 u\OT1/cmr/m/
n/10.95 )[]$ 
 []

[8 <./Figure 3.png>]
<Table 1.PNG, id=261, 487.8225pt x 198.7425pt>
File: Table 1.PNG Graphic file (type png)
<use Table 1.PNG>
Package pdftex.def Info: Table 1.PNG  used on input line 359.
(pdftex.def)             Requested size: 487.8213pt x 198.742pt.

Overfull \hbox (18.06628pt too wide) in paragraph at lines 359--360
[][] 
 []

[9 <./Table 1.PNG>] [10]
<Table 2.PNG, id=271, 478.03593pt x 107.65219pt>
File: Table 2.PNG Graphic file (type png)
<use Table 2.PNG>
Package pdftex.def Info: Table 2.PNG  used on input line 393.
(pdftex.def)             Requested size: 478.03476pt x 107.65192pt.

Overfull \hbox (8.27974pt too wide) in paragraph at lines 393--394
[][] 
 []

[11 <./Table 2.PNG>]

Package natbib Warning: Citation `baio2015probabilistic' on page 12 undefined o
n input line 416.

<Appendix Table 1.PNG, id=277, 391.4625pt x 324.46219pt>
File: Appendix Table 1.PNG Graphic file (type png)
<use Appendix Table 1.PNG>
Package pdftex.def Info: Appendix Table 1.PNG  used on input line 434.
(pdftex.def)             Requested size: 391.46153pt x 324.46138pt.
[12]
<Appendix Table 2.PNG, id=283, 392.96812pt x 360.59718pt>
File: Appendix Table 2.PNG Graphic file (type png)
<use Appendix Table 2.PNG>
Package pdftex.def Info: Appendix Table 2.PNG  used on input line 440.
(pdftex.def)             Requested size: 392.96715pt x 360.5963pt.
 [13 <./Appendix Table 1.PNG>]
<Appendix Table 3.PNG, id=290, 394.47375pt x 324.46219pt>
File: Appendix Table 3.PNG Graphic file (type png)
<use Appendix Table 3.PNG>
Package pdftex.def Info: Appendix Table 3.PNG  used on input line 446.
(pdftex.def)             Requested size: 394.47278pt x 324.46138pt.
 [14 <./Appendix Table 2.PNG>]
<Appendix Table 4.PNG, id=296, 396.7322pt x 176.91093pt>
File: Appendix Table 4.PNG Graphic file (type png)
<use Appendix Table 4.PNG>
Package pdftex.def Info: Appendix Table 4.PNG  used on input line 456.
(pdftex.def)             Requested size: 396.73122pt x 176.91049pt.
 [15 <./Appendix Table 3.PNG>]
<Appendix Table 5.PNG, id=302, 398.23781pt x 146.79843pt>
File: Appendix Table 5.PNG Graphic file (type png)
<use Appendix Table 5.PNG>
Package pdftex.def Info: Appendix Table 5.PNG  used on input line 464.
(pdftex.def)             Requested size: 398.23683pt x 146.79807pt.
 [16 <./Appendix Table 4.PNG> <./Appendix Table 5.PNG>] [17]
[18]
<Appendix Figure 1.png, id=317, 878.53218pt x 202.50656pt>
File: Appendix Figure 1.png Graphic file (type png)
<use Appendix Figure 1.png>
Package pdftex.def Info: Appendix Figure 1.png  used on input line 520.
(pdftex.def)             Requested size: 351.40665pt x 81.00117pt.
 [19 <./Appendix Figure 1.png>] [20]
No file model-doc.bbl.

Package natbib Warning: There were undefined citations.


Package caption Warning: Unused \captionsetup[table] on input line 115.
See the caption package documentation for explanation.

Package atveryend Info: Empty hook `BeforeClearDocument' on input line 559.
[21]
Package atveryend Info: Empty hook `AfterLastShipout' on input line 559.
 (model-doc.aux)
Package atveryend Info: Executing hook `AtVeryEndDocument' on input line 559.
Package atveryend Info: Executing hook `AtEndAfterFileList' on input line 559.
Package rerunfilecheck Info: File `model-doc.out' has not changed.
(rerunfilecheck)             Checksum: C516399D8DBDCA409AD9D5BD1BB1CC9A;2869.
Package atveryend Info: Empty hook `AtVeryVeryEnd' on input line 559.
 )
(\end occurred inside a group at level 1)

### simple group (level 1) entered at line 236 ({)
### bottom level 
Here is how much of TeX's memory you used:
 21249 strings out of 492970
 364675 string characters out of 3123929
 610468 words of memory out of 3000000
 24740 multiletter control sequences out of 15000+200000
 558194 words of font info for 96 fonts, out of 3000000 for 9000
 1141 hyphenation exceptions out of 8191
 40i,11n,63p,1614b,601s stack positions out of 5000i,500n,10000p,200000b,50000s
 <C:\Users\Lauren.Zhao\AppData\Local\MiKTeX\2.9\fonts\pk\ljfour
\jknappen\ec\dpi600\ecbx2074.pk> <C:\Users\Lauren.Zhao\AppData\Local\MiKTeX\2.9
\fonts\pk\ljfour\jknappen\ec\dpi600\ecti1095.pk> <C:\Users\Lauren.Zhao\AppData\
Local\MiKTeX\2.9\fonts\pk\ljfour\jknappen\ec\dpi600\ecbx1200.pk> <C:\Users\Laur
en.Zhao\AppData\Local\MiKTeX\2.9\fonts\pk\ljfour\jknappen\ec\dpi600\ecrm0900.pk
> <C:\Users\Lauren.Zhao\AppData\Local\MiKTeX\2.9\fonts\pk\ljfour\jknappen\ec\dp
i600\ecrm1095.pk> <C:\Users\Lauren.Zhao\AppData\Local\MiKTeX\2.9\fonts\pk\ljfou
r\jknappen\ec\dpi600\ecbx1095.pk> <C:\Users\Lauren.Zhao\AppData\Local\MiKTeX\2.
9\fonts\pk\ljfour\jknappen\ec\dpi600\ecbx1440.pk> <C:\Users\Lauren.Zhao\AppData
\Local\MiKTeX\2.9\fonts\pk\ljfour\jknappen\ec\dpi600\ecrm1200.pk> <C:\Users\Lau
ren.Zhao\AppData\Local\MiKTeX\2.9\fonts\pk\ljfour\jknappen\ec\dpi600\ecrm1728.p
k><C:/Users/Lauren.Zhao/AppData/Local/Programs/MiKTeX 2.9/fonts/type1/public/am
sfonts/cm/cmmi10.pfb><C:/Users/Lauren.Zhao/AppData/Local/Programs/MiKTeX 2.9/fo
nts/type1/public/amsfonts/cm/cmmi8.pfb><C:/Users/Lauren.Zhao/AppData/Local/Prog
rams/MiKTeX 2.9/fonts/type1/public/amsfonts/cm/cmr10.pfb><C:/Users/Lauren.Zhao/
AppData/Local/Programs/MiKTeX 2.9/fonts/type1/public/amsfonts/cm/cmr6.pfb><C:/U
sers/Lauren.Zhao/AppData/Local/Programs/MiKTeX 2.9/fonts/type1/public/amsfonts/
cm/cmr8.pfb><C:/Users/Lauren.Zhao/AppData/Local/Programs/MiKTeX 2.9/fonts/type1
/public/amsfonts/cm/cmsy10.pfb><C:/Users/Lauren.Zhao/AppData/Local/Programs/MiK
TeX 2.9/fonts/type1/public/amsfonts/cm/cmsy6.pfb><C:/Users/Lauren.Zhao/AppData/
Local/Programs/MiKTeX 2.9/fonts/type1/public/amsfonts/cm/cmsy8.pfb>
Output written on model-doc.pdf (21 pages, 447349 bytes).
PDF statistics:
 720 PDF objects out of 1000 (max. 8388607)
 63 named destinations out of 1000 (max. 500000)
 376 words of extra memory for PDF output out of 10000 (max. 10000000)

